âœ… Test 1 PASSED: error_learning_agent.sh is executable
âœ… Test 2 PASSED: Defines SCRIPT_DIR variable
âœ… Test 3 PASSED: Defines ROOT_DIR variable
âœ… Test 4 PASSED: Defines PY_RECOGNIZER variable
âœ… Test 5 PASSED: Defines PY_UPDATER variable
âœ… Test 6 PASSED: Defines usage function
âœ… Test 7 PASSED: Defines is_error_line function
âœ… Test 8 PASSED: Defines process_file function
âœ… Test 9 PASSED: Defines scan_once function
âœ… Test 10 PASSED: Defines watch_dir function
âœ… Test 11 PASSED: Defines main function
âŒ Test 12 FAILED: Does not have --scan-once option
âŒ Test 13 FAILED: Does not have --watch option
âŒ Test 14 FAILED: Does not have --help option
âœ… Test 15 PASSED: Has case statement in main
âŒ Test 16 FAILED: Does not have [ERROR] pattern matching
âœ… Test 17 PASSED: Has âŒ pattern matching
âŒ Test 18 FAILED: Does not have failed pattern matching
âŒ Test 19 FAILED: Does not have Python recognizer calls
âŒ Test 20 FAILED: Does not have main execution guard

==========================================
Test Summary:
Total Tests: 20
Passed: 13
Failed: 7
Success Rate: 65%
==========================================
âš ï¸  Some tests failed. Check the log for details.
âœ… Test 1 PASSED: error_learning_agent.sh is executable
âœ… Test 2 PASSED: Defines SCRIPT_DIR variable
âœ… Test 3 PASSED: Defines ROOT_DIR variable
âœ… Test 4 PASSED: Defines PY_RECOGNIZER variable
âœ… Test 5 PASSED: Defines PY_UPDATER variable
âœ… Test 6 PASSED: Defines usage function
âœ… Test 7 PASSED: Defines is_error_line function
âœ… Test 8 PASSED: Defines process_file function
âœ… Test 9 PASSED: Defines scan_once function
âœ… Test 10 PASSED: Defines watch_dir function
âœ… Test 11 PASSED: Defines main function
âŒ Test 12 FAILED: Does not have --scan-once option
âŒ Test 13 FAILED: Does not have --watch option
âŒ Test 14 FAILED: Does not have --help option
âœ… Test 15 PASSED: Has case statement in main
âŒ Test 16 FAILED: Does not have [ERROR] pattern matching
âœ… Test 17 PASSED: Has âŒ pattern matching
âœ… Test 18 PASSED: Has failed pattern matching
âŒ Test 19 FAILED: Does not have Python recognizer calls
âŒ Test 20 FAILED: Does not have main execution guard

==========================================
Test Summary:
Total Tests: 20
Passed: 14
Failed: 6
Success Rate: 70%
==========================================
âš ï¸  Some tests failed. Check the log for details.
âœ… Test 1 PASSED: error_learning_agent.sh is executable
âœ… Test 2 PASSED: Defines SCRIPT_DIR variable
âœ… Test 3 PASSED: Defines ROOT_DIR variable
âœ… Test 4 PASSED: Defines PY_RECOGNIZER variable
âœ… Test 5 PASSED: Defines PY_UPDATER variable
âœ… Test 6 PASSED: Defines usage function
âœ… Test 7 PASSED: Defines is_error_line function
âœ… Test 8 PASSED: Defines process_file function
âœ… Test 9 PASSED: Defines scan_once function
âœ… Test 10 PASSED: Defines watch_dir function
âœ… Test 11 PASSED: Defines main function
âŒ Test 12 FAILED: Does not have --scan-once option
âŒ Test 13 FAILED: Does not have --watch option
âŒ Test 14 FAILED: Does not have --help option
âœ… Test 15 PASSED: Has case statement in main
âŒ Test 16 FAILED: Does not have [ERROR] pattern matching
âœ… Test 17 PASSED: Has âŒ pattern matching
âœ… Test 18 PASSED: Has failed pattern matching
âŒ Test 19 FAILED: Does not have Python recognizer calls
âŒ Test 20 FAILED: Does not have main execution guard

==========================================
Test Summary:
Total Tests: 20
Passed: 14
Failed: 6
Success Rate: 70%
==========================================
âš ï¸  Some tests failed. Check the log for details.
âœ… Test 1 PASSED: error_learning_agent.sh is executable
âœ… Test 2 PASSED: Defines SCRIPT_DIR variable
âœ… Test 3 PASSED: Defines ROOT_DIR variable
âœ… Test 4 PASSED: Defines PY_RECOGNIZER variable
âœ… Test 5 PASSED: Defines PY_UPDATER variable
âœ… Test 6 PASSED: Defines usage function
âœ… Test 7 PASSED: Defines is_error_line function
âœ… Test 8 PASSED: Defines process_file function
âœ… Test 9 PASSED: Defines scan_once function
âœ… Test 10 PASSED: Defines watch_dir function
âœ… Test 11 PASSED: Defines main function
âŒ Test 12 FAILED: Does not have --scan-once option
âŒ Test 13 FAILED: Does not have --watch option
âŒ Test 14 FAILED: Does not have --help option
âœ… Test 15 PASSED: Has case statement in main
âœ… Test 16 PASSED: Has [ERROR] pattern matching
âœ… Test 17 PASSED: Has âŒ pattern matching
âœ… Test 18 PASSED: Has failed pattern matching
âœ… Test 19 PASSED: Has Python recognizer calls
âœ… Test 20 PASSED: Has main execution guard

==========================================
Test Summary:
Total Tests: 20
Passed: 17
Failed: 3
Success Rate: 85%
==========================================
âš ï¸  Some tests failed. Check the log for details.
âœ… Test 1 PASSED: error_learning_agent.sh is executable
âœ… Test 2 PASSED: Defines SCRIPT_DIR variable
âœ… Test 3 PASSED: Defines ROOT_DIR variable
âœ… Test 4 PASSED: Defines PY_RECOGNIZER variable
âœ… Test 5 PASSED: Defines PY_UPDATER variable
âœ… Test 6 PASSED: Defines usage function
âœ… Test 7 PASSED: Defines is_error_line function
âœ… Test 8 PASSED: Defines process_file function
âœ… Test 9 PASSED: Defines scan_once function
âœ… Test 10 PASSED: Defines watch_dir function
âœ… Test 11 PASSED: Defines main function
âœ… Test 12 PASSED: Has --scan-once option
âœ… Test 13 PASSED: Has --watch option
âœ… Test 14 PASSED: Has --help option
âœ… Test 15 PASSED: Has case statement in main
âœ… Test 16 PASSED: Has [ERROR] pattern matching
âœ… Test 17 PASSED: Has âŒ pattern matching
âœ… Test 18 PASSED: Has failed pattern matching
âœ… Test 19 PASSED: Has Python recognizer calls
âœ… Test 20 PASSED: Has main execution guard

==========================================
Test Summary:
Total Tests: 20
Passed: 20
Failed: 0
Success Rate: 100%
==========================================
ğŸ‰ All tests passed!
