âŒ Test 1 FAILED: emergency_response.sh is not executable
âŒ Test 2 FAILED: Does not define SCRIPT_DIR variable
âŒ Test 3 FAILED: Does not define KNOWLEDGE_DIR variable
âŒ Test 4 FAILED: Does not define EMERGENCIES_FILE variable
âŒ Test 5 FAILED: Does not define ESCALATIONS_FILE variable
âŒ Test 6 FAILED: Does not define SAFE_MODE_FLAG variable
âŒ Test 7 FAILED: Does not define timeout variables
âŒ Test 8 FAILED: Does not define color variables
âŒ Test 9 FAILED: Does not define log function
âŒ Test 10 FAILED: Does not define initialize_emergency_system function
âŒ Test 11 FAILED: Does not define classify_severity function
âŒ Test 12 FAILED: Does not define declare_emergency function
âŒ Test 13 FAILED: Does not define handle_emergency function
âŒ Test 14 FAILED: Does not define escalate_level function
âŒ Test 15 FAILED: Does not define escalation level functions
âŒ Test 16 FAILED: Does not define check_emergency_resolved function
âŒ Test 17 FAILED: Does not define resolve_emergency function
âŒ Test 18 FAILED: Does not define safe mode functions
âŒ Test 19 FAILED: Does not define list_emergencies function
âŒ Test 20 FAILED: Does not have case statement for command dispatcher

==========================================
Test Summary:
Total Tests: 20
Passed: 0
Failed: 20
Success Rate: 0%
==========================================
âš ï¸  Some tests failed. Check the log for details.
âŒ Test 1 FAILED: emergency_response.sh is not executable
âŒ Test 2 FAILED: Does not define SCRIPT_DIR variable
âŒ Test 3 FAILED: Does not define KNOWLEDGE_DIR variable
âŒ Test 4 FAILED: Does not define EMERGENCIES_FILE variable
âŒ Test 5 FAILED: Does not define ESCALATIONS_FILE variable
âŒ Test 6 FAILED: Does not define SAFE_MODE_FLAG variable
âŒ Test 7 FAILED: Does not define timeout variables
âŒ Test 8 FAILED: Does not define color variables
âŒ Test 9 FAILED: Does not define log function
âŒ Test 10 FAILED: Does not define initialize_emergency_system function
âŒ Test 11 FAILED: Does not define classify_severity function
âŒ Test 12 FAILED: Does not define declare_emergency function
âŒ Test 13 FAILED: Does not define handle_emergency function
âŒ Test 14 FAILED: Does not define escalate_level function
âŒ Test 15 FAILED: Does not define escalation level functions
âŒ Test 16 FAILED: Does not define check_emergency_resolved function
âŒ Test 17 FAILED: Does not define resolve_emergency function
âŒ Test 18 FAILED: Does not define safe mode functions
âŒ Test 19 FAILED: Does not define list_emergencies function
âŒ Test 20 FAILED: Does not have case statement for command dispatcher

==========================================
Test Summary:
Total Tests: 20
Passed: 0
Failed: 20
Success Rate: 0%
==========================================
âš ï¸  Some tests failed. Check the log for details.
âœ… Test 1 PASSED: emergency_response.sh is executable
âœ… Test 2 PASSED: Defines SCRIPT_DIR variable
âœ… Test 3 PASSED: Defines KNOWLEDGE_DIR variable
âœ… Test 4 PASSED: Defines EMERGENCIES_FILE variable
âœ… Test 5 PASSED: Defines ESCALATIONS_FILE variable
âœ… Test 6 PASSED: Defines SAFE_MODE_FLAG variable
âœ… Test 7 PASSED: Defines timeout variables
âœ… Test 8 PASSED: Defines color variables
âœ… Test 9 PASSED: Defines log function
âœ… Test 10 PASSED: Defines initialize_emergency_system function
âœ… Test 11 PASSED: Defines classify_severity function
âœ… Test 12 PASSED: Defines declare_emergency function
âœ… Test 13 PASSED: Defines handle_emergency function
âœ… Test 14 PASSED: Defines escalate_level function
âœ… Test 15 PASSED: Defines escalation level functions
âœ… Test 16 PASSED: Defines check_emergency_resolved function
âœ… Test 17 PASSED: Defines resolve_emergency function
âœ… Test 18 PASSED: Defines safe mode functions
âœ… Test 19 PASSED: Defines list_emergencies function
âŒ Test 20 FAILED: Does not have case statement for command dispatcher

==========================================
Test Summary:
Total Tests: 20
Passed: 19
Failed: 1
Success Rate: 95%
==========================================
âš ï¸  Some tests failed. Check the log for details.
âœ… Test 1 PASSED: emergency_response.sh is executable
âœ… Test 2 PASSED: Defines SCRIPT_DIR variable
âœ… Test 3 PASSED: Defines KNOWLEDGE_DIR variable
âœ… Test 4 PASSED: Defines EMERGENCIES_FILE variable
âœ… Test 5 PASSED: Defines ESCALATIONS_FILE variable
âœ… Test 6 PASSED: Defines SAFE_MODE_FLAG variable
âœ… Test 7 PASSED: Defines timeout variables
âœ… Test 8 PASSED: Defines color variables
âœ… Test 9 PASSED: Defines log function
âœ… Test 10 PASSED: Defines initialize_emergency_system function
âœ… Test 11 PASSED: Defines classify_severity function
âœ… Test 12 PASSED: Defines declare_emergency function
âœ… Test 13 PASSED: Defines handle_emergency function
âœ… Test 14 PASSED: Defines escalate_level function
âœ… Test 15 PASSED: Defines escalation level functions
âœ… Test 16 PASSED: Defines check_emergency_resolved function
âœ… Test 17 PASSED: Defines resolve_emergency function
âœ… Test 18 PASSED: Defines safe mode functions
âœ… Test 19 PASSED: Defines list_emergencies function
âœ… Test 20 PASSED: Has case statement for command dispatcher

==========================================
Test Summary:
Total Tests: 20
Passed: 20
Failed: 0
Success Rate: 100%
==========================================
ğŸ‰ All tests passed!
